<?xml version="1.0" encoding="UTF-8"?>
<!-- Generated by org.testng.reporters.JUnitReportReporter -->
<testsuite hostname="Naresh" failures="0" tests="1" name="com.selenium.scripts.TestNGParametersExample" time="1.002" errors="0" timestamp="2024-02-26T19:47:54 IST" skipped="0">
  <testcase classname="com.selenium.scripts.TestNGParametersExample" name="verifyLogin" time="1.002"/>
  <system-out/>
</testsuite> <!-- com.selenium.scripts.TestNGParametersExample -->
