<?xml version="1.0" encoding="UTF-8"?>
<!-- Generated by org.testng.reporters.JUnitReportReporter -->
<testsuite hostname="Naresh" failures="0" tests="1" name="com.selenium.scripts.XPathAxesTest" time="17.006" errors="0" timestamp="2024-02-14T07:53:41 IST" skipped="0">
  <testcase classname="com.selenium.scripts.XPathAxesTest" name="xpathaxesExamples" time="17.006"/>
  <system-out/>
</testsuite> <!-- com.selenium.scripts.XPathAxesTest -->
