<?xml version="1.0" encoding="UTF-8"?>
<!-- Generated by org.testng.reporters.JUnitReportReporter -->
<testsuite hostname="Naresh" failures="0" tests="1" name="com.selenium.scripts.Demo" time="0.010" errors="0" timestamp="2024-02-13T20:48:10 IST" skipped="0">
  <testcase classname="com.selenium.scripts.Demo" name="testing" time="0.010"/>
  <system-out/>
</testsuite> <!-- com.selenium.scripts.Demo -->
