<?xml version="1.0" encoding="UTF-8"?>
<!-- Generated by org.testng.reporters.JUnitReportReporter -->
<testsuite hostname="Naresh" failures="0" tests="8" name="com.selenium.scripts.AmazonOrderTest" time="0.014" errors="0" timestamp="2024-02-26T19:35:09 IST" skipped="1">
  <testcase classname="com.selenium.scripts.AmazonOrderTest" name="addToCart" time="0.001"/>
  <system-out/>
  <testcase classname="com.selenium.scripts.AmazonOrderTest" name="addToCart" time="0.006"/>
  <system-out/>
  <testcase classname="com.selenium.scripts.AmazonOrderTest" name="addToCart" time="0.000"/>
  <system-out/>
  <testcase classname="com.selenium.scripts.AmazonOrderTest" name="addToCart" time="0.002"/>
  <system-out/>
  <testcase classname="com.selenium.scripts.AmazonOrderTest" name="checkOut" time="0.001"/>
  <system-out/>
  <testcase classname="com.selenium.scripts.AmazonOrderTest" name="selectPaymentMode" time="0.002"/>
  <system-out/>
  <testcase classname="com.selenium.scripts.AmazonOrderTest" name="placeOrder" time="0.002"/>
  <system-out/>
  <testcase classname="com.selenium.scripts.AmazonOrderTest" name="selectDeliveryAddress">
    <skipped/>
  </testcase> <!-- selectDeliveryAddress -->
  <system-out/>
</testsuite> <!-- com.selenium.scripts.AmazonOrderTest -->
