<?xml version="1.0" encoding="UTF-8"?>
<!-- Generated by org.testng.reporters.JUnitReportReporter -->
<testsuite hostname="Naresh" failures="0" tests="5" name="com.selenium.scripts.DependsOnMethodsExample" time="0.015" errors="0" timestamp="2024-02-24T19:09:17 IST" skipped="0">
  <testcase classname="com.selenium.scripts.DependsOnMethodsExample" name="checkOut" time="0.001"/>
  <system-out/>
  <testcase classname="com.selenium.scripts.DependsOnMethodsExample" name="selectDeliveryAddress" time="0.002"/>
  <system-out/>
  <testcase classname="com.selenium.scripts.DependsOnMethodsExample" name="placeOrder" time="0.002"/>
  <system-out/>
  <testcase classname="com.selenium.scripts.DependsOnMethodsExample" name="addToCart" time="0.008"/>
  <system-out/>
  <testcase classname="com.selenium.scripts.DependsOnMethodsExample" name="selectPaymentMode" time="0.002"/>
  <system-out/>
</testsuite> <!-- com.selenium.scripts.DependsOnMethodsExample -->
